2012-02-21 22:00:40,852 - [INFO] - from play in main 
Listening for HTTP on port 9000...

2012-02-21 22:00:49,336 - [INFO] - from play in play-akka.actor.default-dispatcher-3 
Application started (Dev)

2012-02-21 22:02:31,366 - [ERROR] - from application in New I/O server worker #1-1 


! Internal server error, for request [GET /] ->

sbt.PlayExceptions$CompilationException: Compilation error [type mismatch;
 found   : play.api.mvc.Action[play.api.mvc.AnyContent]
 required: String => play.api.mvc.Action[?]]
	at sbt.PlayReloader$$anon$2$$anonfun$2$$anonfun$apply$11$$anonfun$apply$12.apply(PlayReloader.scala:214) ~[na:na]
	at sbt.PlayReloader$$anon$2$$anonfun$2$$anonfun$apply$11$$anonfun$apply$12.apply(PlayReloader.scala:214) ~[na:na]
	at scala.Option.map(Option.scala:133) ~[scala-library.jar:0.11.2]
	at sbt.PlayReloader$$anon$2$$anonfun$2$$anonfun$apply$11.apply(PlayReloader.scala:214) ~[na:na]
	at sbt.PlayReloader$$anon$2$$anonfun$2$$anonfun$apply$11.apply(PlayReloader.scala:211) ~[na:na]
	at scala.Option.map(Option.scala:133) ~[scala-library.jar:0.11.2]
	at sbt.PlayReloader$$anon$2$$anonfun$2.apply(PlayReloader.scala:211) ~[na:na]
	at sbt.PlayReloader$$anon$2$$anonfun$2.apply(PlayReloader.scala:210) ~[na:na]
	at scala.Either$LeftProjection.map(Either.scala:183) ~[scala-library.jar:0.11.2]
	at sbt.PlayReloader$$anon$2.reload(PlayReloader.scala:210) ~[na:na]
	at play.core.ReloadableApplication$$anonfun$get$1.apply(ApplicationProvider.scala:110) ~[play_2.9.1.jar:2.0-RC3-SNAPSHOT]
	at play.core.ReloadableApplication$$anonfun$get$1.apply(ApplicationProvider.scala:110) ~[play_2.9.1.jar:2.0-RC3-SNAPSHOT]
	at akka.dispatch.Future$$anon$2.liftedTree1$1(Future.scala:189) ~[akka-actor-2.0-RC1.jar:2.0-RC1]
	at akka.dispatch.Future$$anon$2.run(Future.scala:188) ~[akka-actor-2.0-RC1.jar:2.0-RC1]
	at akka.dispatch.TaskInvocation.run(AbstractDispatcher.scala:82) ~[akka-actor-2.0-RC1.jar:2.0-RC1]
	at akka.jsr166y.ForkJoinTask$AdaptedRunnable.exec(ForkJoinTask.java:1400) ~[akka-actor-2.0-RC1.jar:2.0-RC1]
	at akka.jsr166y.ForkJoinTask.doExec(ForkJoinTask.java:268) ~[akka-actor-2.0-RC1.jar:2.0-RC1]
	at akka.jsr166y.ForkJoinPool$WorkQueue.runTask(ForkJoinPool.java:929) ~[akka-actor-2.0-RC1.jar:2.0-RC1]
	at akka.jsr166y.ForkJoinPool.runWorker(ForkJoinPool.java:1303) ~[akka-actor-2.0-RC1.jar:2.0-RC1]
	at akka.jsr166y.ForkJoinWorkerThread.run(ForkJoinWorkerThread.java:104) ~[akka-actor-2.0-RC1.jar:2.0-RC1]

2012-02-21 22:03:00,706 - [INFO] - from play in play-akka.actor.default-dispatcher-2 
Application started (Dev)

2012-02-21 22:04:51,594 - [INFO] - from play in play-akka.actor.default-dispatcher-4 
Application started (Dev)

2012-02-21 22:04:54,801 - [ERROR] - from application in play-akka.actor.actions-dispatcher-23 


! @69enoh3mj - Internal server error, for request [GET /auth] ->

play.core.ActionInvoker$$anonfun$receive$1$$anon$1: Execution exception [[OAuthCommunicationException: Communication with the service provider failed: Server returned HTTP response code: 401 for URL: https://api.twitter.com/oauth/request_token]]
	at play.core.ActionInvoker$$anonfun$receive$1.apply(Invoker.scala:82) [play_2.9.1.jar:2.0-RC3-SNAPSHOT]
	at play.core.ActionInvoker$$anonfun$receive$1.apply(Invoker.scala:63) [play_2.9.1.jar:2.0-RC3-SNAPSHOT]
	at akka.actor.Actor$class.apply(Actor.scala:292) [akka-actor-2.0-RC1.jar:2.0-RC1]
	at play.core.ActionInvoker.apply(Invoker.scala:61) [play_2.9.1.jar:2.0-RC3-SNAPSHOT]
	at akka.actor.ActorCell.invoke(ActorCell.scala:481) [akka-actor-2.0-RC1.jar:2.0-RC1]
	at akka.dispatch.Mailbox.processMailbox(Mailbox.scala:182) [akka-actor-2.0-RC1.jar:2.0-RC1]
	at akka.dispatch.Mailbox.run(Mailbox.scala:164) [akka-actor-2.0-RC1.jar:2.0-RC1]
	at akka.dispatch.ForkJoinExecutorConfigurator$MailboxExecutionTask.exec(AbstractDispatcher.scala:468) [akka-actor-2.0-RC1.jar:2.0-RC1]
	at akka.jsr166y.ForkJoinTask.doExec(ForkJoinTask.java:268) [akka-actor-2.0-RC1.jar:2.0-RC1]
	at akka.jsr166y.ForkJoinPool$WorkQueue.runTask(ForkJoinPool.java:929) [akka-actor-2.0-RC1.jar:2.0-RC1]
	at akka.jsr166y.ForkJoinPool.runWorker(ForkJoinPool.java:1303) [akka-actor-2.0-RC1.jar:2.0-RC1]
	at akka.jsr166y.ForkJoinWorkerThread.run(ForkJoinWorkerThread.java:104) [akka-actor-2.0-RC1.jar:2.0-RC1]
Caused by: oauth.signpost.exception.OAuthCommunicationException: Communication with the service provider failed: Server returned HTTP response code: 401 for URL: https://api.twitter.com/oauth/request_token
	at oauth.signpost.AbstractOAuthProvider.retrieveToken(AbstractOAuthProvider.java:214) ~[signpost-core-1.2.1.1.jar:na]
	at oauth.signpost.AbstractOAuthProvider.retrieveRequestToken(AbstractOAuthProvider.java:69) ~[signpost-core-1.2.1.1.jar:na]
	at play.api.libs.oauth.OAuth.retrieveRequestToken(OAuth.scala:32) ~[play_2.9.1.jar:2.0-RC3-SNAPSHOT]
	at controllers.Twitter$$anonfun$authenticate$1$$anonfun$apply$3.apply(Twitter.scala:48) ~[classes/:2.0-RC3-SNAPSHOT]
	at controllers.Twitter$$anonfun$authenticate$1$$anonfun$apply$3.apply(Twitter.scala:48) ~[classes/:2.0-RC3-SNAPSHOT]
	at scala.Option.getOrElse(Option.scala:108) ~[scala-library.jar:0.11.2]
	at controllers.Twitter$$anonfun$authenticate$1.apply(Twitter.scala:47) ~[classes/:2.0-RC3-SNAPSHOT]
	at controllers.Twitter$$anonfun$authenticate$1.apply(Twitter.scala:36) ~[classes/:2.0-RC3-SNAPSHOT]
	at play.api.mvc.Action$$anon$1.apply(Action.scala:170) ~[play_2.9.1.jar:2.0-RC3-SNAPSHOT]
	at play.core.ActionInvoker$$anonfun$receive$1$$anonfun$4.apply(Invoker.scala:74) ~[play_2.9.1.jar:2.0-RC3-SNAPSHOT]
	at play.core.ActionInvoker$$anonfun$receive$1$$anonfun$4.apply(Invoker.scala:74) ~[play_2.9.1.jar:2.0-RC3-SNAPSHOT]
	at play.utils.Threads$.withContextClassLoader(Threads.scala:17) ~[play_2.9.1.jar:2.0-RC3-SNAPSHOT]
	at play.core.ActionInvoker$$anonfun$receive$1.apply(Invoker.scala:73) [play_2.9.1.jar:2.0-RC3-SNAPSHOT]
	... 11 common frames omitted
Caused by: java.io.IOException: Server returned HTTP response code: 401 for URL: https://api.twitter.com/oauth/request_token
	at sun.reflect.NativeConstructorAccessorImpl.newInstance0(Native Method) ~[na:1.6.0_29]
	at sun.reflect.NativeConstructorAccessorImpl.newInstance(NativeConstructorAccessorImpl.java:39) ~[na:1.6.0_29]
	at sun.reflect.DelegatingConstructorAccessorImpl.newInstance(DelegatingConstructorAccessorImpl.java:27) ~[na:1.6.0_29]
	at java.lang.reflect.Constructor.newInstance(Constructor.java:513) ~[na:1.6.0_29]
	at sun.net.www.protocol.http.HttpURLConnection$6.run(HttpURLConnection.java:1491) ~[na:1.6.0_29]
	at java.security.AccessController.doPrivileged(Native Method) ~[na:1.6.0_29]
	at sun.net.www.protocol.http.HttpURLConnection.getChainedException(HttpURLConnection.java:1485) ~[na:1.6.0_29]
	at sun.net.www.protocol.http.HttpURLConnection.getInputStream(HttpURLConnection.java:1139) ~[na:1.6.0_29]
	at sun.net.www.protocol.https.HttpsURLConnectionImpl.getInputStream(HttpsURLConnectionImpl.java:234) ~[na:1.6]
	at oauth.signpost.basic.HttpURLConnectionResponseAdapter.getContent(HttpURLConnectionResponseAdapter.java:18) ~[signpost-core-1.2.1.1.jar:na]
	at oauth.signpost.AbstractOAuthProvider.handleUnexpectedResponse(AbstractOAuthProvider.java:228) ~[signpost-core-1.2.1.1.jar:na]
	at oauth.signpost.AbstractOAuthProvider.retrieveToken(AbstractOAuthProvider.java:189) ~[signpost-core-1.2.1.1.jar:na]
	... 23 common frames omitted
Caused by: java.io.IOException: Server returned HTTP response code: 401 for URL: https://api.twitter.com/oauth/request_token
	at sun.net.www.protocol.http.HttpURLConnection.getInputStream(HttpURLConnection.java:1436) ~[na:1.6.0_29]
	at java.net.HttpURLConnection.getResponseCode(HttpURLConnection.java:379) ~[na:1.6.0_29]
	at sun.net.www.protocol.https.HttpsURLConnectionImpl.getResponseCode(HttpsURLConnectionImpl.java:318) ~[na:1.6]
	at oauth.signpost.basic.HttpURLConnectionResponseAdapter.getStatusCode(HttpURLConnectionResponseAdapter.java:22) ~[signpost-core-1.2.1.1.jar:na]
	at oauth.signpost.AbstractOAuthProvider.retrieveToken(AbstractOAuthProvider.java:178) ~[signpost-core-1.2.1.1.jar:na]
	... 23 common frames omitted

2012-02-21 22:06:19,267 - [ERROR] - from application in play-akka.actor.actions-dispatcher-23 


! @69enoh3mk - Internal server error, for request [GET /auth] ->

play.core.ActionInvoker$$anonfun$receive$1$$anon$1: Execution exception [[OAuthCommunicationException: Communication with the service provider failed: Server returned HTTP response code: 401 for URL: https://api.twitter.com/oauth/request_token]]
	at play.core.ActionInvoker$$anonfun$receive$1.apply(Invoker.scala:82) [play_2.9.1.jar:2.0-RC3-SNAPSHOT]
	at play.core.ActionInvoker$$anonfun$receive$1.apply(Invoker.scala:63) [play_2.9.1.jar:2.0-RC3-SNAPSHOT]
	at akka.actor.Actor$class.apply(Actor.scala:292) [akka-actor-2.0-RC1.jar:2.0-RC1]
	at play.core.ActionInvoker.apply(Invoker.scala:61) [play_2.9.1.jar:2.0-RC3-SNAPSHOT]
	at akka.actor.ActorCell.invoke(ActorCell.scala:481) [akka-actor-2.0-RC1.jar:2.0-RC1]
	at akka.dispatch.Mailbox.processMailbox(Mailbox.scala:182) [akka-actor-2.0-RC1.jar:2.0-RC1]
	at akka.dispatch.Mailbox.run(Mailbox.scala:164) [akka-actor-2.0-RC1.jar:2.0-RC1]
	at akka.dispatch.ForkJoinExecutorConfigurator$MailboxExecutionTask.exec(AbstractDispatcher.scala:468) [akka-actor-2.0-RC1.jar:2.0-RC1]
	at akka.jsr166y.ForkJoinTask.doExec(ForkJoinTask.java:268) [akka-actor-2.0-RC1.jar:2.0-RC1]
	at akka.jsr166y.ForkJoinPool$WorkQueue.runTask(ForkJoinPool.java:929) [akka-actor-2.0-RC1.jar:2.0-RC1]
	at akka.jsr166y.ForkJoinPool.runWorker(ForkJoinPool.java:1303) [akka-actor-2.0-RC1.jar:2.0-RC1]
	at akka.jsr166y.ForkJoinWorkerThread.run(ForkJoinWorkerThread.java:104) [akka-actor-2.0-RC1.jar:2.0-RC1]
Caused by: oauth.signpost.exception.OAuthCommunicationException: Communication with the service provider failed: Server returned HTTP response code: 401 for URL: https://api.twitter.com/oauth/request_token
	at oauth.signpost.AbstractOAuthProvider.retrieveToken(AbstractOAuthProvider.java:214) ~[signpost-core-1.2.1.1.jar:na]
	at oauth.signpost.AbstractOAuthProvider.retrieveRequestToken(AbstractOAuthProvider.java:69) ~[signpost-core-1.2.1.1.jar:na]
	at play.api.libs.oauth.OAuth.retrieveRequestToken(OAuth.scala:32) ~[play_2.9.1.jar:2.0-RC3-SNAPSHOT]
	at controllers.Twitter$$anonfun$authenticate$1$$anonfun$apply$3.apply(Twitter.scala:48) ~[classes/:2.0-RC3-SNAPSHOT]
	at controllers.Twitter$$anonfun$authenticate$1$$anonfun$apply$3.apply(Twitter.scala:48) ~[classes/:2.0-RC3-SNAPSHOT]
	at scala.Option.getOrElse(Option.scala:108) ~[scala-library.jar:0.11.2]
	at controllers.Twitter$$anonfun$authenticate$1.apply(Twitter.scala:47) ~[classes/:2.0-RC3-SNAPSHOT]
	at controllers.Twitter$$anonfun$authenticate$1.apply(Twitter.scala:36) ~[classes/:2.0-RC3-SNAPSHOT]
	at play.api.mvc.Action$$anon$1.apply(Action.scala:170) ~[play_2.9.1.jar:2.0-RC3-SNAPSHOT]
	at play.core.ActionInvoker$$anonfun$receive$1$$anonfun$4.apply(Invoker.scala:74) ~[play_2.9.1.jar:2.0-RC3-SNAPSHOT]
	at play.core.ActionInvoker$$anonfun$receive$1$$anonfun$4.apply(Invoker.scala:74) ~[play_2.9.1.jar:2.0-RC3-SNAPSHOT]
	at play.utils.Threads$.withContextClassLoader(Threads.scala:17) ~[play_2.9.1.jar:2.0-RC3-SNAPSHOT]
	at play.core.ActionInvoker$$anonfun$receive$1.apply(Invoker.scala:73) [play_2.9.1.jar:2.0-RC3-SNAPSHOT]
	... 11 common frames omitted
Caused by: java.io.IOException: Server returned HTTP response code: 401 for URL: https://api.twitter.com/oauth/request_token
	at sun.reflect.NativeConstructorAccessorImpl.newInstance0(Native Method) ~[na:1.6.0_29]
	at sun.reflect.NativeConstructorAccessorImpl.newInstance(NativeConstructorAccessorImpl.java:39) ~[na:1.6.0_29]
	at sun.reflect.DelegatingConstructorAccessorImpl.newInstance(DelegatingConstructorAccessorImpl.java:27) ~[na:1.6.0_29]
	at java.lang.reflect.Constructor.newInstance(Constructor.java:513) ~[na:1.6.0_29]
	at sun.net.www.protocol.http.HttpURLConnection$6.run(HttpURLConnection.java:1491) ~[na:1.6.0_29]
	at java.security.AccessController.doPrivileged(Native Method) ~[na:1.6.0_29]
	at sun.net.www.protocol.http.HttpURLConnection.getChainedException(HttpURLConnection.java:1485) ~[na:1.6.0_29]
	at sun.net.www.protocol.http.HttpURLConnection.getInputStream(HttpURLConnection.java:1139) ~[na:1.6.0_29]
	at sun.net.www.protocol.https.HttpsURLConnectionImpl.getInputStream(HttpsURLConnectionImpl.java:234) ~[na:1.6]
	at oauth.signpost.basic.HttpURLConnectionResponseAdapter.getContent(HttpURLConnectionResponseAdapter.java:18) ~[signpost-core-1.2.1.1.jar:na]
	at oauth.signpost.AbstractOAuthProvider.handleUnexpectedResponse(AbstractOAuthProvider.java:228) ~[signpost-core-1.2.1.1.jar:na]
	at oauth.signpost.AbstractOAuthProvider.retrieveToken(AbstractOAuthProvider.java:189) ~[signpost-core-1.2.1.1.jar:na]
	... 23 common frames omitted
Caused by: java.io.IOException: Server returned HTTP response code: 401 for URL: https://api.twitter.com/oauth/request_token
	at sun.net.www.protocol.http.HttpURLConnection.getInputStream(HttpURLConnection.java:1436) ~[na:1.6.0_29]
	at java.net.HttpURLConnection.getResponseCode(HttpURLConnection.java:379) ~[na:1.6.0_29]
	at sun.net.www.protocol.https.HttpsURLConnectionImpl.getResponseCode(HttpsURLConnectionImpl.java:318) ~[na:1.6]
	at oauth.signpost.basic.HttpURLConnectionResponseAdapter.getStatusCode(HttpURLConnectionResponseAdapter.java:22) ~[signpost-core-1.2.1.1.jar:na]
	at oauth.signpost.AbstractOAuthProvider.retrieveToken(AbstractOAuthProvider.java:178) ~[signpost-core-1.2.1.1.jar:na]
	... 23 common frames omitted

2012-02-21 22:08:01,882 - [INFO] - from play in play-akka.actor.default-dispatcher-5 
Application started (Dev)

2012-02-21 22:08:03,461 - [ERROR] - from application in play-akka.actor.actions-dispatcher-23 


! @69enoh3ml - Internal server error, for request [GET /auth] ->

play.core.ActionInvoker$$anonfun$receive$1$$anon$1: Execution exception [[OAuthCommunicationException: Communication with the service provider failed: Server returned HTTP response code: 401 for URL: https://api.twitter.com/oauth/request_token]]
	at play.core.ActionInvoker$$anonfun$receive$1.apply(Invoker.scala:82) [play_2.9.1.jar:2.0-RC3-SNAPSHOT]
	at play.core.ActionInvoker$$anonfun$receive$1.apply(Invoker.scala:63) [play_2.9.1.jar:2.0-RC3-SNAPSHOT]
	at akka.actor.Actor$class.apply(Actor.scala:292) [akka-actor-2.0-RC1.jar:2.0-RC1]
	at play.core.ActionInvoker.apply(Invoker.scala:61) [play_2.9.1.jar:2.0-RC3-SNAPSHOT]
	at akka.actor.ActorCell.invoke(ActorCell.scala:481) [akka-actor-2.0-RC1.jar:2.0-RC1]
	at akka.dispatch.Mailbox.processMailbox(Mailbox.scala:182) [akka-actor-2.0-RC1.jar:2.0-RC1]
	at akka.dispatch.Mailbox.run(Mailbox.scala:164) [akka-actor-2.0-RC1.jar:2.0-RC1]
	at akka.dispatch.ForkJoinExecutorConfigurator$MailboxExecutionTask.exec(AbstractDispatcher.scala:468) [akka-actor-2.0-RC1.jar:2.0-RC1]
	at akka.jsr166y.ForkJoinTask.doExec(ForkJoinTask.java:268) [akka-actor-2.0-RC1.jar:2.0-RC1]
	at akka.jsr166y.ForkJoinPool$WorkQueue.runTask(ForkJoinPool.java:929) [akka-actor-2.0-RC1.jar:2.0-RC1]
	at akka.jsr166y.ForkJoinPool.runWorker(ForkJoinPool.java:1303) [akka-actor-2.0-RC1.jar:2.0-RC1]
	at akka.jsr166y.ForkJoinWorkerThread.run(ForkJoinWorkerThread.java:104) [akka-actor-2.0-RC1.jar:2.0-RC1]
Caused by: oauth.signpost.exception.OAuthCommunicationException: Communication with the service provider failed: Server returned HTTP response code: 401 for URL: https://api.twitter.com/oauth/request_token
	at oauth.signpost.AbstractOAuthProvider.retrieveToken(AbstractOAuthProvider.java:214) ~[signpost-core-1.2.1.1.jar:na]
	at oauth.signpost.AbstractOAuthProvider.retrieveRequestToken(AbstractOAuthProvider.java:69) ~[signpost-core-1.2.1.1.jar:na]
	at play.api.libs.oauth.OAuth.retrieveRequestToken(OAuth.scala:32) ~[play_2.9.1.jar:2.0-RC3-SNAPSHOT]
	at controllers.Twitter$$anonfun$authenticate$1$$anonfun$apply$3.apply(Twitter.scala:48) ~[classes/:2.0-RC3-SNAPSHOT]
	at controllers.Twitter$$anonfun$authenticate$1$$anonfun$apply$3.apply(Twitter.scala:48) ~[classes/:2.0-RC3-SNAPSHOT]
	at scala.Option.getOrElse(Option.scala:108) ~[scala-library.jar:0.11.2]
	at controllers.Twitter$$anonfun$authenticate$1.apply(Twitter.scala:47) ~[classes/:2.0-RC3-SNAPSHOT]
	at controllers.Twitter$$anonfun$authenticate$1.apply(Twitter.scala:36) ~[classes/:2.0-RC3-SNAPSHOT]
	at play.api.mvc.Action$$anon$1.apply(Action.scala:170) ~[play_2.9.1.jar:2.0-RC3-SNAPSHOT]
	at play.core.ActionInvoker$$anonfun$receive$1$$anonfun$4.apply(Invoker.scala:74) ~[play_2.9.1.jar:2.0-RC3-SNAPSHOT]
	at play.core.ActionInvoker$$anonfun$receive$1$$anonfun$4.apply(Invoker.scala:74) ~[play_2.9.1.jar:2.0-RC3-SNAPSHOT]
	at play.utils.Threads$.withContextClassLoader(Threads.scala:17) ~[play_2.9.1.jar:2.0-RC3-SNAPSHOT]
	at play.core.ActionInvoker$$anonfun$receive$1.apply(Invoker.scala:73) [play_2.9.1.jar:2.0-RC3-SNAPSHOT]
	... 11 common frames omitted
Caused by: java.io.IOException: Server returned HTTP response code: 401 for URL: https://api.twitter.com/oauth/request_token
	at sun.reflect.NativeConstructorAccessorImpl.newInstance0(Native Method) ~[na:1.6.0_29]
	at sun.reflect.NativeConstructorAccessorImpl.newInstance(NativeConstructorAccessorImpl.java:39) ~[na:1.6.0_29]
	at sun.reflect.DelegatingConstructorAccessorImpl.newInstance(DelegatingConstructorAccessorImpl.java:27) ~[na:1.6.0_29]
	at java.lang.reflect.Constructor.newInstance(Constructor.java:513) ~[na:1.6.0_29]
	at sun.net.www.protocol.http.HttpURLConnection$6.run(HttpURLConnection.java:1491) ~[na:1.6.0_29]
	at java.security.AccessController.doPrivileged(Native Method) ~[na:1.6.0_29]
	at sun.net.www.protocol.http.HttpURLConnection.getChainedException(HttpURLConnection.java:1485) ~[na:1.6.0_29]
	at sun.net.www.protocol.http.HttpURLConnection.getInputStream(HttpURLConnection.java:1139) ~[na:1.6.0_29]
	at sun.net.www.protocol.https.HttpsURLConnectionImpl.getInputStream(HttpsURLConnectionImpl.java:234) ~[na:1.6]
	at oauth.signpost.basic.HttpURLConnectionResponseAdapter.getContent(HttpURLConnectionResponseAdapter.java:18) ~[signpost-core-1.2.1.1.jar:na]
	at oauth.signpost.AbstractOAuthProvider.handleUnexpectedResponse(AbstractOAuthProvider.java:228) ~[signpost-core-1.2.1.1.jar:na]
	at oauth.signpost.AbstractOAuthProvider.retrieveToken(AbstractOAuthProvider.java:189) ~[signpost-core-1.2.1.1.jar:na]
	... 23 common frames omitted
Caused by: java.io.IOException: Server returned HTTP response code: 401 for URL: https://api.twitter.com/oauth/request_token
	at sun.net.www.protocol.http.HttpURLConnection.getInputStream(HttpURLConnection.java:1436) ~[na:1.6.0_29]
	at java.net.HttpURLConnection.getResponseCode(HttpURLConnection.java:379) ~[na:1.6.0_29]
	at sun.net.www.protocol.https.HttpsURLConnectionImpl.getResponseCode(HttpsURLConnectionImpl.java:318) ~[na:1.6]
	at oauth.signpost.basic.HttpURLConnectionResponseAdapter.getStatusCode(HttpURLConnectionResponseAdapter.java:22) ~[signpost-core-1.2.1.1.jar:na]
	at oauth.signpost.AbstractOAuthProvider.retrieveToken(AbstractOAuthProvider.java:178) ~[signpost-core-1.2.1.1.jar:na]
	... 23 common frames omitted

2012-02-21 22:11:03,325 - [ERROR] - from application in play-akka.actor.actions-dispatcher-23 


! @69enoh3mm - Internal server error, for request [GET /auth] ->

play.core.ActionInvoker$$anonfun$receive$1$$anon$1: Execution exception [[OAuthCommunicationException: Communication with the service provider failed: Server returned HTTP response code: 401 for URL: https://api.twitter.com/oauth/request_token]]
	at play.core.ActionInvoker$$anonfun$receive$1.apply(Invoker.scala:82) [play_2.9.1.jar:2.0-RC3-SNAPSHOT]
	at play.core.ActionInvoker$$anonfun$receive$1.apply(Invoker.scala:63) [play_2.9.1.jar:2.0-RC3-SNAPSHOT]
	at akka.actor.Actor$class.apply(Actor.scala:292) [akka-actor-2.0-RC1.jar:2.0-RC1]
	at play.core.ActionInvoker.apply(Invoker.scala:61) [play_2.9.1.jar:2.0-RC3-SNAPSHOT]
	at akka.actor.ActorCell.invoke(ActorCell.scala:481) [akka-actor-2.0-RC1.jar:2.0-RC1]
	at akka.dispatch.Mailbox.processMailbox(Mailbox.scala:182) [akka-actor-2.0-RC1.jar:2.0-RC1]
	at akka.dispatch.Mailbox.run(Mailbox.scala:164) [akka-actor-2.0-RC1.jar:2.0-RC1]
	at akka.dispatch.ForkJoinExecutorConfigurator$MailboxExecutionTask.exec(AbstractDispatcher.scala:468) [akka-actor-2.0-RC1.jar:2.0-RC1]
	at akka.jsr166y.ForkJoinTask.doExec(ForkJoinTask.java:268) [akka-actor-2.0-RC1.jar:2.0-RC1]
	at akka.jsr166y.ForkJoinPool$WorkQueue.runTask(ForkJoinPool.java:929) [akka-actor-2.0-RC1.jar:2.0-RC1]
	at akka.jsr166y.ForkJoinPool.runWorker(ForkJoinPool.java:1303) [akka-actor-2.0-RC1.jar:2.0-RC1]
	at akka.jsr166y.ForkJoinWorkerThread.run(ForkJoinWorkerThread.java:104) [akka-actor-2.0-RC1.jar:2.0-RC1]
Caused by: oauth.signpost.exception.OAuthCommunicationException: Communication with the service provider failed: Server returned HTTP response code: 401 for URL: https://api.twitter.com/oauth/request_token
	at oauth.signpost.AbstractOAuthProvider.retrieveToken(AbstractOAuthProvider.java:214) ~[signpost-core-1.2.1.1.jar:na]
	at oauth.signpost.AbstractOAuthProvider.retrieveRequestToken(AbstractOAuthProvider.java:69) ~[signpost-core-1.2.1.1.jar:na]
	at play.api.libs.oauth.OAuth.retrieveRequestToken(OAuth.scala:32) ~[play_2.9.1.jar:2.0-RC3-SNAPSHOT]
	at controllers.Twitter$$anonfun$authenticate$1$$anonfun$apply$3.apply(Twitter.scala:48) ~[classes/:2.0-RC3-SNAPSHOT]
	at controllers.Twitter$$anonfun$authenticate$1$$anonfun$apply$3.apply(Twitter.scala:48) ~[classes/:2.0-RC3-SNAPSHOT]
	at scala.Option.getOrElse(Option.scala:108) ~[scala-library.jar:0.11.2]
	at controllers.Twitter$$anonfun$authenticate$1.apply(Twitter.scala:47) ~[classes/:2.0-RC3-SNAPSHOT]
	at controllers.Twitter$$anonfun$authenticate$1.apply(Twitter.scala:36) ~[classes/:2.0-RC3-SNAPSHOT]
	at play.api.mvc.Action$$anon$1.apply(Action.scala:170) ~[play_2.9.1.jar:2.0-RC3-SNAPSHOT]
	at play.core.ActionInvoker$$anonfun$receive$1$$anonfun$4.apply(Invoker.scala:74) ~[play_2.9.1.jar:2.0-RC3-SNAPSHOT]
	at play.core.ActionInvoker$$anonfun$receive$1$$anonfun$4.apply(Invoker.scala:74) ~[play_2.9.1.jar:2.0-RC3-SNAPSHOT]
	at play.utils.Threads$.withContextClassLoader(Threads.scala:17) ~[play_2.9.1.jar:2.0-RC3-SNAPSHOT]
	at play.core.ActionInvoker$$anonfun$receive$1.apply(Invoker.scala:73) [play_2.9.1.jar:2.0-RC3-SNAPSHOT]
	... 11 common frames omitted
Caused by: java.io.IOException: Server returned HTTP response code: 401 for URL: https://api.twitter.com/oauth/request_token
	at sun.reflect.NativeConstructorAccessorImpl.newInstance0(Native Method) ~[na:1.6.0_29]
	at sun.reflect.NativeConstructorAccessorImpl.newInstance(NativeConstructorAccessorImpl.java:39) ~[na:1.6.0_29]
	at sun.reflect.DelegatingConstructorAccessorImpl.newInstance(DelegatingConstructorAccessorImpl.java:27) ~[na:1.6.0_29]
	at java.lang.reflect.Constructor.newInstance(Constructor.java:513) ~[na:1.6.0_29]
	at sun.net.www.protocol.http.HttpURLConnection$6.run(HttpURLConnection.java:1491) ~[na:1.6.0_29]
	at java.security.AccessController.doPrivileged(Native Method) ~[na:1.6.0_29]
	at sun.net.www.protocol.http.HttpURLConnection.getChainedException(HttpURLConnection.java:1485) ~[na:1.6.0_29]
	at sun.net.www.protocol.http.HttpURLConnection.getInputStream(HttpURLConnection.java:1139) ~[na:1.6.0_29]
	at sun.net.www.protocol.https.HttpsURLConnectionImpl.getInputStream(HttpsURLConnectionImpl.java:234) ~[na:1.6]
	at oauth.signpost.basic.HttpURLConnectionResponseAdapter.getContent(HttpURLConnectionResponseAdapter.java:18) ~[signpost-core-1.2.1.1.jar:na]
	at oauth.signpost.AbstractOAuthProvider.handleUnexpectedResponse(AbstractOAuthProvider.java:228) ~[signpost-core-1.2.1.1.jar:na]
	at oauth.signpost.AbstractOAuthProvider.retrieveToken(AbstractOAuthProvider.java:189) ~[signpost-core-1.2.1.1.jar:na]
	... 23 common frames omitted
Caused by: java.io.IOException: Server returned HTTP response code: 401 for URL: https://api.twitter.com/oauth/request_token
	at sun.net.www.protocol.http.HttpURLConnection.getInputStream(HttpURLConnection.java:1436) ~[na:1.6.0_29]
	at java.net.HttpURLConnection.getResponseCode(HttpURLConnection.java:379) ~[na:1.6.0_29]
	at sun.net.www.protocol.https.HttpsURLConnectionImpl.getResponseCode(HttpsURLConnectionImpl.java:318) ~[na:1.6]
	at oauth.signpost.basic.HttpURLConnectionResponseAdapter.getStatusCode(HttpURLConnectionResponseAdapter.java:22) ~[signpost-core-1.2.1.1.jar:na]
	at oauth.signpost.AbstractOAuthProvider.retrieveToken(AbstractOAuthProvider.java:178) ~[signpost-core-1.2.1.1.jar:na]
	... 23 common frames omitted

2012-02-21 22:11:16,876 - [ERROR] - from application in play-akka.actor.actions-dispatcher-23 


! @69enoh3mn - Internal server error, for request [GET /auth] ->

play.core.ActionInvoker$$anonfun$receive$1$$anon$1: Execution exception [[OAuthCommunicationException: Communication with the service provider failed: Server returned HTTP response code: 401 for URL: https://api.twitter.com/oauth/request_token]]
	at play.core.ActionInvoker$$anonfun$receive$1.apply(Invoker.scala:82) [play_2.9.1.jar:2.0-RC3-SNAPSHOT]
	at play.core.ActionInvoker$$anonfun$receive$1.apply(Invoker.scala:63) [play_2.9.1.jar:2.0-RC3-SNAPSHOT]
	at akka.actor.Actor$class.apply(Actor.scala:292) [akka-actor-2.0-RC1.jar:2.0-RC1]
	at play.core.ActionInvoker.apply(Invoker.scala:61) [play_2.9.1.jar:2.0-RC3-SNAPSHOT]
	at akka.actor.ActorCell.invoke(ActorCell.scala:481) [akka-actor-2.0-RC1.jar:2.0-RC1]
	at akka.dispatch.Mailbox.processMailbox(Mailbox.scala:182) [akka-actor-2.0-RC1.jar:2.0-RC1]
	at akka.dispatch.Mailbox.run(Mailbox.scala:164) [akka-actor-2.0-RC1.jar:2.0-RC1]
	at akka.dispatch.ForkJoinExecutorConfigurator$MailboxExecutionTask.exec(AbstractDispatcher.scala:468) [akka-actor-2.0-RC1.jar:2.0-RC1]
	at akka.jsr166y.ForkJoinTask.doExec(ForkJoinTask.java:268) [akka-actor-2.0-RC1.jar:2.0-RC1]
	at akka.jsr166y.ForkJoinPool$WorkQueue.runTask(ForkJoinPool.java:929) [akka-actor-2.0-RC1.jar:2.0-RC1]
	at akka.jsr166y.ForkJoinPool.runWorker(ForkJoinPool.java:1303) [akka-actor-2.0-RC1.jar:2.0-RC1]
	at akka.jsr166y.ForkJoinWorkerThread.run(ForkJoinWorkerThread.java:104) [akka-actor-2.0-RC1.jar:2.0-RC1]
Caused by: oauth.signpost.exception.OAuthCommunicationException: Communication with the service provider failed: Server returned HTTP response code: 401 for URL: https://api.twitter.com/oauth/request_token
	at oauth.signpost.AbstractOAuthProvider.retrieveToken(AbstractOAuthProvider.java:214) ~[signpost-core-1.2.1.1.jar:na]
	at oauth.signpost.AbstractOAuthProvider.retrieveRequestToken(AbstractOAuthProvider.java:69) ~[signpost-core-1.2.1.1.jar:na]
	at play.api.libs.oauth.OAuth.retrieveRequestToken(OAuth.scala:32) ~[play_2.9.1.jar:2.0-RC3-SNAPSHOT]
	at controllers.Twitter$$anonfun$authenticate$1$$anonfun$apply$3.apply(Twitter.scala:48) ~[classes/:2.0-RC3-SNAPSHOT]
	at controllers.Twitter$$anonfun$authenticate$1$$anonfun$apply$3.apply(Twitter.scala:48) ~[classes/:2.0-RC3-SNAPSHOT]
	at scala.Option.getOrElse(Option.scala:108) ~[scala-library.jar:0.11.2]
	at controllers.Twitter$$anonfun$authenticate$1.apply(Twitter.scala:47) ~[classes/:2.0-RC3-SNAPSHOT]
	at controllers.Twitter$$anonfun$authenticate$1.apply(Twitter.scala:36) ~[classes/:2.0-RC3-SNAPSHOT]
	at play.api.mvc.Action$$anon$1.apply(Action.scala:170) ~[play_2.9.1.jar:2.0-RC3-SNAPSHOT]
	at play.core.ActionInvoker$$anonfun$receive$1$$anonfun$4.apply(Invoker.scala:74) ~[play_2.9.1.jar:2.0-RC3-SNAPSHOT]
	at play.core.ActionInvoker$$anonfun$receive$1$$anonfun$4.apply(Invoker.scala:74) ~[play_2.9.1.jar:2.0-RC3-SNAPSHOT]
	at play.utils.Threads$.withContextClassLoader(Threads.scala:17) ~[play_2.9.1.jar:2.0-RC3-SNAPSHOT]
	at play.core.ActionInvoker$$anonfun$receive$1.apply(Invoker.scala:73) [play_2.9.1.jar:2.0-RC3-SNAPSHOT]
	... 11 common frames omitted
Caused by: java.io.IOException: Server returned HTTP response code: 401 for URL: https://api.twitter.com/oauth/request_token
	at sun.reflect.NativeConstructorAccessorImpl.newInstance0(Native Method) ~[na:1.6.0_29]
	at sun.reflect.NativeConstructorAccessorImpl.newInstance(NativeConstructorAccessorImpl.java:39) ~[na:1.6.0_29]
	at sun.reflect.DelegatingConstructorAccessorImpl.newInstance(DelegatingConstructorAccessorImpl.java:27) ~[na:1.6.0_29]
	at java.lang.reflect.Constructor.newInstance(Constructor.java:513) ~[na:1.6.0_29]
	at sun.net.www.protocol.http.HttpURLConnection$6.run(HttpURLConnection.java:1491) ~[na:1.6.0_29]
	at java.security.AccessController.doPrivileged(Native Method) ~[na:1.6.0_29]
	at sun.net.www.protocol.http.HttpURLConnection.getChainedException(HttpURLConnection.java:1485) ~[na:1.6.0_29]
	at sun.net.www.protocol.http.HttpURLConnection.getInputStream(HttpURLConnection.java:1139) ~[na:1.6.0_29]
	at sun.net.www.protocol.https.HttpsURLConnectionImpl.getInputStream(HttpsURLConnectionImpl.java:234) ~[na:1.6]
	at oauth.signpost.basic.HttpURLConnectionResponseAdapter.getContent(HttpURLConnectionResponseAdapter.java:18) ~[signpost-core-1.2.1.1.jar:na]
	at oauth.signpost.AbstractOAuthProvider.handleUnexpectedResponse(AbstractOAuthProvider.java:228) ~[signpost-core-1.2.1.1.jar:na]
	at oauth.signpost.AbstractOAuthProvider.retrieveToken(AbstractOAuthProvider.java:189) ~[signpost-core-1.2.1.1.jar:na]
	... 23 common frames omitted
Caused by: java.io.IOException: Server returned HTTP response code: 401 for URL: https://api.twitter.com/oauth/request_token
	at sun.net.www.protocol.http.HttpURLConnection.getInputStream(HttpURLConnection.java:1436) ~[na:1.6.0_29]
	at java.net.HttpURLConnection.getResponseCode(HttpURLConnection.java:379) ~[na:1.6.0_29]
	at sun.net.www.protocol.https.HttpsURLConnectionImpl.getResponseCode(HttpsURLConnectionImpl.java:318) ~[na:1.6]
	at oauth.signpost.basic.HttpURLConnectionResponseAdapter.getStatusCode(HttpURLConnectionResponseAdapter.java:22) ~[signpost-core-1.2.1.1.jar:na]
	at oauth.signpost.AbstractOAuthProvider.retrieveToken(AbstractOAuthProvider.java:178) ~[signpost-core-1.2.1.1.jar:na]
	... 23 common frames omitted

2012-02-21 22:13:20,849 - [ERROR] - from application in play-akka.actor.actions-dispatcher-23 


! @69enoh3mo - Internal server error, for request [GET /auth] ->

play.core.ActionInvoker$$anonfun$receive$1$$anon$1: Execution exception [[OAuthCommunicationException: Communication with the service provider failed: Server returned HTTP response code: 401 for URL: https://api.twitter.com/oauth/request_token]]
	at play.core.ActionInvoker$$anonfun$receive$1.apply(Invoker.scala:82) [play_2.9.1.jar:2.0-RC3-SNAPSHOT]
	at play.core.ActionInvoker$$anonfun$receive$1.apply(Invoker.scala:63) [play_2.9.1.jar:2.0-RC3-SNAPSHOT]
	at akka.actor.Actor$class.apply(Actor.scala:292) [akka-actor-2.0-RC1.jar:2.0-RC1]
	at play.core.ActionInvoker.apply(Invoker.scala:61) [play_2.9.1.jar:2.0-RC3-SNAPSHOT]
	at akka.actor.ActorCell.invoke(ActorCell.scala:481) [akka-actor-2.0-RC1.jar:2.0-RC1]
	at akka.dispatch.Mailbox.processMailbox(Mailbox.scala:182) [akka-actor-2.0-RC1.jar:2.0-RC1]
	at akka.dispatch.Mailbox.run(Mailbox.scala:164) [akka-actor-2.0-RC1.jar:2.0-RC1]
	at akka.dispatch.ForkJoinExecutorConfigurator$MailboxExecutionTask.exec(AbstractDispatcher.scala:468) [akka-actor-2.0-RC1.jar:2.0-RC1]
	at akka.jsr166y.ForkJoinTask.doExec(ForkJoinTask.java:268) [akka-actor-2.0-RC1.jar:2.0-RC1]
	at akka.jsr166y.ForkJoinPool$WorkQueue.runTask(ForkJoinPool.java:929) [akka-actor-2.0-RC1.jar:2.0-RC1]
	at akka.jsr166y.ForkJoinPool.runWorker(ForkJoinPool.java:1303) [akka-actor-2.0-RC1.jar:2.0-RC1]
	at akka.jsr166y.ForkJoinWorkerThread.run(ForkJoinWorkerThread.java:104) [akka-actor-2.0-RC1.jar:2.0-RC1]
Caused by: oauth.signpost.exception.OAuthCommunicationException: Communication with the service provider failed: Server returned HTTP response code: 401 for URL: https://api.twitter.com/oauth/request_token
	at oauth.signpost.AbstractOAuthProvider.retrieveToken(AbstractOAuthProvider.java:214) ~[signpost-core-1.2.1.1.jar:na]
	at oauth.signpost.AbstractOAuthProvider.retrieveRequestToken(AbstractOAuthProvider.java:69) ~[signpost-core-1.2.1.1.jar:na]
	at play.api.libs.oauth.OAuth.retrieveRequestToken(OAuth.scala:32) ~[play_2.9.1.jar:2.0-RC3-SNAPSHOT]
	at controllers.Twitter$$anonfun$authenticate$1$$anonfun$apply$3.apply(Twitter.scala:48) ~[classes/:2.0-RC3-SNAPSHOT]
	at controllers.Twitter$$anonfun$authenticate$1$$anonfun$apply$3.apply(Twitter.scala:48) ~[classes/:2.0-RC3-SNAPSHOT]
	at scala.Option.getOrElse(Option.scala:108) ~[scala-library.jar:0.11.2]
	at controllers.Twitter$$anonfun$authenticate$1.apply(Twitter.scala:47) ~[classes/:2.0-RC3-SNAPSHOT]
	at controllers.Twitter$$anonfun$authenticate$1.apply(Twitter.scala:36) ~[classes/:2.0-RC3-SNAPSHOT]
	at play.api.mvc.Action$$anon$1.apply(Action.scala:170) ~[play_2.9.1.jar:2.0-RC3-SNAPSHOT]
	at play.core.ActionInvoker$$anonfun$receive$1$$anonfun$4.apply(Invoker.scala:74) ~[play_2.9.1.jar:2.0-RC3-SNAPSHOT]
	at play.core.ActionInvoker$$anonfun$receive$1$$anonfun$4.apply(Invoker.scala:74) ~[play_2.9.1.jar:2.0-RC3-SNAPSHOT]
	at play.utils.Threads$.withContextClassLoader(Threads.scala:17) ~[play_2.9.1.jar:2.0-RC3-SNAPSHOT]
	at play.core.ActionInvoker$$anonfun$receive$1.apply(Invoker.scala:73) [play_2.9.1.jar:2.0-RC3-SNAPSHOT]
	... 11 common frames omitted
Caused by: java.io.IOException: Server returned HTTP response code: 401 for URL: https://api.twitter.com/oauth/request_token
	at sun.reflect.NativeConstructorAccessorImpl.newInstance0(Native Method) ~[na:1.6.0_29]
	at sun.reflect.NativeConstructorAccessorImpl.newInstance(NativeConstructorAccessorImpl.java:39) ~[na:1.6.0_29]
	at sun.reflect.DelegatingConstructorAccessorImpl.newInstance(DelegatingConstructorAccessorImpl.java:27) ~[na:1.6.0_29]
	at java.lang.reflect.Constructor.newInstance(Constructor.java:513) ~[na:1.6.0_29]
	at sun.net.www.protocol.http.HttpURLConnection$6.run(HttpURLConnection.java:1491) ~[na:1.6.0_29]
	at java.security.AccessController.doPrivileged(Native Method) ~[na:1.6.0_29]
	at sun.net.www.protocol.http.HttpURLConnection.getChainedException(HttpURLConnection.java:1485) ~[na:1.6.0_29]
	at sun.net.www.protocol.http.HttpURLConnection.getInputStream(HttpURLConnection.java:1139) ~[na:1.6.0_29]
	at sun.net.www.protocol.https.HttpsURLConnectionImpl.getInputStream(HttpsURLConnectionImpl.java:234) ~[na:1.6]
	at oauth.signpost.basic.HttpURLConnectionResponseAdapter.getContent(HttpURLConnectionResponseAdapter.java:18) ~[signpost-core-1.2.1.1.jar:na]
	at oauth.signpost.AbstractOAuthProvider.handleUnexpectedResponse(AbstractOAuthProvider.java:228) ~[signpost-core-1.2.1.1.jar:na]
	at oauth.signpost.AbstractOAuthProvider.retrieveToken(AbstractOAuthProvider.java:189) ~[signpost-core-1.2.1.1.jar:na]
	... 23 common frames omitted
Caused by: java.io.IOException: Server returned HTTP response code: 401 for URL: https://api.twitter.com/oauth/request_token
	at sun.net.www.protocol.http.HttpURLConnection.getInputStream(HttpURLConnection.java:1436) ~[na:1.6.0_29]
	at java.net.HttpURLConnection.getResponseCode(HttpURLConnection.java:379) ~[na:1.6.0_29]
	at sun.net.www.protocol.https.HttpsURLConnectionImpl.getResponseCode(HttpsURLConnectionImpl.java:318) ~[na:1.6]
	at oauth.signpost.basic.HttpURLConnectionResponseAdapter.getStatusCode(HttpURLConnectionResponseAdapter.java:22) ~[signpost-core-1.2.1.1.jar:na]
	at oauth.signpost.AbstractOAuthProvider.retrieveToken(AbstractOAuthProvider.java:178) ~[signpost-core-1.2.1.1.jar:na]
	... 23 common frames omitted

